2023-07-18 17:53:39,091:WARNING:
'cuml' is a soft dependency and not included in the pycaret installation. Please run: `pip install cuml` to install.
2023-07-18 17:53:39,091:WARNING:
'cuml' is a soft dependency and not included in the pycaret installation. Please run: `pip install cuml` to install.
2023-07-18 17:53:39,091:WARNING:
'cuml' is a soft dependency and not included in the pycaret installation. Please run: `pip install cuml` to install.
2023-07-18 17:53:39,091:WARNING:
'cuml' is a soft dependency and not included in the pycaret installation. Please run: `pip install cuml` to install.
2023-07-18 17:55:39,267:WARNING:
'cuml' is a soft dependency and not included in the pycaret installation. Please run: `pip install cuml` to install.
2023-07-18 17:55:41,015:WARNING:
'cuml' is a soft dependency and not included in the pycaret installation. Please run: `pip install cuml` to install.
2023-07-18 17:55:41,015:WARNING:
'cuml' is a soft dependency and not included in the pycaret installation. Please run: `pip install cuml` to install.
2023-07-18 17:55:41,015:WARNING:
'cuml' is a soft dependency and not included in the pycaret installation. Please run: `pip install cuml` to install.
2023-07-18 17:55:42,964:WARNING:C:\Users\esmael\AppData\Local\Programs\Python\Python310\lib\site-packages\numba\core\decorators.py:262: NumbaDeprecationWarning: [1mnumba.generated_jit is deprecated. Please see the documentation at: https://numba.readthedocs.io/en/stable/reference/deprecation.html#deprecation-of-generated-jit for more information and advice on a suitable replacement.[0m
  warnings.warn(msg, NumbaDeprecationWarning)

2023-07-18 17:55:42,974:WARNING:C:\Users\esmael\AppData\Local\Programs\Python\Python310\lib\site-packages\visions\backends\shared\nan_handling.py:51: NumbaDeprecationWarning: [1mThe 'nopython' keyword argument was not supplied to the 'numba.jit' decorator. The implicit default value for this argument is currently False, but it will be changed to True in Numba 0.59.0. See https://numba.readthedocs.io/en/stable/reference/deprecation.html#deprecation-of-object-mode-fall-back-behaviour-when-using-jit for details.[0m
  def hasna(x: np.ndarray) -> bool:

2023-07-18 17:55:43,434:WARNING:d:\Bussiness\AI Projects\Making ML Model on WebSite\app.py:5: DeprecationWarning: `import pandas_profiling` is going to be deprecated by April 1st. Please use `import ydata_profiling` instead.
  import pandas_profiling

2023-07-18 17:56:55,837:WARNING:
'cuml' is a soft dependency and not included in the pycaret installation. Please run: `pip install cuml` to install.
2023-07-18 17:56:55,837:WARNING:
'cuml' is a soft dependency and not included in the pycaret installation. Please run: `pip install cuml` to install.
2023-07-18 17:56:55,837:WARNING:
'cuml' is a soft dependency and not included in the pycaret installation. Please run: `pip install cuml` to install.
2023-07-18 17:56:55,837:WARNING:
'cuml' is a soft dependency and not included in the pycaret installation. Please run: `pip install cuml` to install.
2023-07-18 17:56:56,621:WARNING:C:\Users\esmael\AppData\Local\Programs\Python\Python310\lib\site-packages\numba\core\decorators.py:262: NumbaDeprecationWarning: [1mnumba.generated_jit is deprecated. Please see the documentation at: https://numba.readthedocs.io/en/stable/reference/deprecation.html#deprecation-of-generated-jit for more information and advice on a suitable replacement.[0m
  warnings.warn(msg, NumbaDeprecationWarning)

2023-07-18 17:56:56,629:WARNING:C:\Users\esmael\AppData\Local\Programs\Python\Python310\lib\site-packages\visions\backends\shared\nan_handling.py:51: NumbaDeprecationWarning: [1mThe 'nopython' keyword argument was not supplied to the 'numba.jit' decorator. The implicit default value for this argument is currently False, but it will be changed to True in Numba 0.59.0. See https://numba.readthedocs.io/en/stable/reference/deprecation.html#deprecation-of-object-mode-fall-back-behaviour-when-using-jit for details.[0m
  def hasna(x: np.ndarray) -> bool:

2023-07-18 17:56:56,822:WARNING:d:\Bussiness\AI Projects\Making ML Model on WebSite\app.py:5: DeprecationWarning: `import pandas_profiling` is going to be deprecated by April 1st. Please use `import ydata_profiling` instead.
  import pandas_profiling

